2021-07-10 13:55:10,280 : kivy : Factory: 184 symbols loaded
2021-07-10 13:55:10,499 : kivy : ImageLoaderFFPy: Using ffpyplayer 4.3.1
2021-07-10 13:55:10,501 : kivy : Image: Providers: img_tex, img_dds, img_sdl2, img_pil, img_ffpyplayer, img_gif 
2021-07-10 13:55:10,578 : kivy : VideoGstplayer: Using Gstreamer 1.16.0.0
2021-07-10 13:55:10,578 : kivy : Video: Provider: gstplayer
2021-07-10 13:55:10,696 : kivy : Loading MPF-MC controller
2021-07-10 13:55:11,629 : ConfigProcessor : Config spec file cache created: C:\Users\David\AppData\Local\Temp\config_spec.mpf_cache
2021-07-10 13:55:11,630 : YamlMultifileConfigLoader : Machine config file #1: config
2021-07-10 13:55:11,630 : ConfigProcessor : Config file in cache changed: C:\Pinball\My_Design\MPF\Charlies Angels\config\config
2021-07-10 13:55:11,630 : ConfigProcessor : Loading config from file c:\users\david\appdata\local\programs\python\python36-32\lib\site-packages\mpfmc\mcconfig.yaml.
2021-07-10 13:55:11,729 : ConfigProcessor : Loading config: c:\users\david\appdata\local\programs\python\python36-32\lib\site-packages\mpfmc\mcconfig.yaml
2021-07-10 13:55:11,730 : ConfigProcessor : Loading config from file C:\Pinball\My_Design\MPF\Charlies Angels\config\config.
2021-07-10 13:55:11,833 : ConfigProcessor : Loading config: C:\Pinball\My_Design\MPF\Charlies Angels\config\config
2021-07-10 13:55:11,953 : ConfigProcessor : Loading config: C:\Pinball\My_Design\MPF\Charlies Angels\config\monitor-lights.yaml
2021-07-10 13:55:11,958 : ConfigProcessor : Config file cache created: C:\Users\David\AppData\Local\Temp\28b80f8d2fa32905cba14456fbff9aff.mpf_cache
2021-07-10 13:55:11,959 : ConfigProcessor : Loading config from cache: C:\Users\David\AppData\Local\Temp\5ccc06caa0797bd984b4f39442f7425e.mpf_cache
2021-07-10 13:55:11,960 : ConfigProcessor : Loading config from cache: C:\Users\David\AppData\Local\Temp\8c2f76c49448961c7508932a35927d95.mpf_cache
2021-07-10 13:55:11,960 : ConfigProcessor : Loading config from cache: C:\Users\David\AppData\Local\Temp\24fe9bc29a4a598f1abfd37e8f71bb50.mpf_cache
2021-07-10 13:55:11,961 : ConfigProcessor : Loading config from cache: C:\Users\David\AppData\Local\Temp\eb80f6f2b26aa38e15f713a111f81d24.mpf_cache
2021-07-10 13:55:11,962 : ConfigProcessor : Loading config from cache: C:\Users\David\AppData\Local\Temp\ee367533c78151aeb4fac89202f9afaf.mpf_cache
2021-07-10 13:55:11,962 : ConfigProcessor : Loading config from cache: C:\Users\David\AppData\Local\Temp\c9d99818d402e66aa514263f09d5d428.mpf_cache
2021-07-10 13:55:11,963 : ConfigProcessor : Loading config from cache: C:\Users\David\AppData\Local\Temp\706aa03ca1283186c35ec49728be379f.mpf_cache
2021-07-10 13:55:11,964 : ConfigProcessor : Loading config from cache: C:\Users\David\AppData\Local\Temp\27c7c4d779c09cfd4d63b08cbf4dca95.mpf_cache
2021-07-10 13:55:11,964 : ConfigProcessor : Loading config from cache: C:\Users\David\AppData\Local\Temp\32562cd6ca10f1c5c168fb3b82de8a75.mpf_cache
2021-07-10 13:55:11,965 : ConfigProcessor : Loading config from cache: C:\Users\David\AppData\Local\Temp\299d7e8ea67bba6730ff73030545341b.mpf_cache
2021-07-10 13:55:11,965 : ConfigProcessor : Loading config from cache: C:\Users\David\AppData\Local\Temp\a13c0e5504277bf0eb37a4d62ac7afb2.mpf_cache
2021-07-10 13:55:11,966 : mpfmc : Mission Pinball Framework Media Controller v0.54.0
2021-07-10 13:55:11,966 : mpfmc : Mission Pinball Framework Game Engine v0.54.6
2021-07-10 13:55:11,966 : mpfmc : Machine path: C:\Pinball\My_Design\MPF\Charlies Angels
2021-07-10 13:55:11,967 : mpfmc : Starting clock at 60.0Hz
2021-07-10 13:55:11,986 : kivy : Text: Provider: sdl2
2021-07-10 13:55:12,053 : kivy : Window: Provider: sdl2
2021-07-10 13:55:12,397 : kivy : GL: Using the "OpenGL" graphics system
2021-07-10 13:55:12,413 : kivy : GL: GLEW initialization succeeded
2021-07-10 13:55:12,413 : kivy : GL: Backend used <glew>
2021-07-10 13:55:12,414 : kivy : GL: OpenGL version <b'3.3.0'>
2021-07-10 13:55:12,414 : kivy : GL: OpenGL vendor <b'NVIDIA Corporation'>
2021-07-10 13:55:12,414 : kivy : GL: OpenGL renderer <b'GeForce 210/PCI/SSE2'>
2021-07-10 13:55:12,414 : kivy : GL: OpenGL parsed version: 3, 3
2021-07-10 13:55:12,414 : kivy : GL: Shading version <b'3.30 NVIDIA via Cg compiler'>
2021-07-10 13:55:12,414 : kivy : GL: Texture max size <8192>
2021-07-10 13:55:12,414 : kivy : GL: Texture max units <32>
2021-07-10 13:55:12,445 : kivy : Window: auto add sdl2 input provider
2021-07-10 13:55:12,445 : kivy : Window: virtual keyboard not allowed, single mode, not docked
2021-07-10 13:55:12,929 : AudioInterface : Initialized
2021-07-10 13:55:12,937 : kivy : Base: Start application main loop
2021-07-10 13:55:12,937 : EventManager : Event: ======'display_window_initialized'====== Args={}
2021-07-10 13:55:13,007 : mpfmc : Display: Setting 'window' as default display
2021-07-10 13:55:13,014 : mpfmc : ASPECT RATIO MISMATCH: The on-screen window is not the same aspect ratio as the display called 'window'. The logical display will be scaled from 800x400 to the window size 800x600, and a black bar will make up the difference
2021-07-10 13:55:13,014 : EventManager : Event: ======'displays_initialized'====== Args={}
2021-07-10 13:55:13,015 : EventManager : Event: ======'slide_window_blank_created'====== Args={}
2021-07-10 13:55:13,015 : EventManager : Event: ======'display_window_ready'====== Args={}
2021-07-10 13:55:13,030 : EventManager : Event: ======'init_phase_1'====== Args={}
2021-07-10 13:55:13,043 : EventManager : Event: ======'mc_ready'====== Args={}
2021-07-10 13:55:13,043 : EventManager : Event: ======'init_phase_2'====== Args={}
2021-07-10 13:55:13,050 : EventManager : Event: ======'init_phase_3'====== Args={}
2021-07-10 13:55:13,051 : AssetManager : Registering Asset: Theme_Song, File: Theme_Song.wav, Default Group: default, Final Config: {'load': 'on_demand', 'file': 'C:\\Pinball\\My_Design\\MPF\\Charlies Angels\\sounds\\Theme_Song.wav'}
2021-07-10 13:55:13,051 : AssetManager : Registering Asset: Theme_Song, File: Theme_Song.wav, Default Group: music, Final Config: {'load': 'on_demand', 'track': 'music', 'file': 'C:\\Pinball\\My_Design\\MPF\\Charlies Angels\\sounds\\music\\Theme_Song.wav'}
2021-07-10 13:55:13,052 : AssetManager : Registering Asset: GunShot2, File: GunShot2.wav, Default Group: sfx, Final Config: {'load': 'on_demand', 'track': 'sfx', 'file': 'C:\\Pinball\\My_Design\\MPF\\Charlies Angels\\sounds\\sfx\\GunShot2.wav'}
2021-07-10 13:55:13,052 : AssetManager : Registering Asset: Gun_Silencer, File: Gun_Silencer.wav, Default Group: sfx, Final Config: {'load': 'on_demand', 'track': 'sfx', 'file': 'C:\\Pinball\\My_Design\\MPF\\Charlies Angels\\sounds\\sfx\\Gun_Silencer.wav'}
2021-07-10 13:55:13,052 : AssetManager : Registering Asset: GoodLuckAngels, File: GoodLuckAngels.wav, Default Group: voice, Final Config: {'load': 'on_demand', 'track': 'voice', 'file': 'C:\\Pinball\\My_Design\\MPF\\Charlies Angels\\sounds\\voice\\GoodLuckAngels.wav'}
2021-07-10 13:55:13,052 : AssetManager : Registering Asset: GoodMorning, File: GoodMorning.wav, Default Group: voice, Final Config: {'load': 'on_demand', 'track': 'voice', 'file': 'C:\\Pinball\\My_Design\\MPF\\Charlies Angels\\sounds\\voice\\GoodMorning.wav'}
2021-07-10 13:55:13,052 : AssetManager : Registering Asset: Iloveit, File: Iloveit.wav, Default Group: voice, Final Config: {'load': 'on_demand', 'track': 'voice', 'file': 'C:\\Pinball\\My_Design\\MPF\\Charlies Angels\\sounds\\voice\\Iloveit.wav'}
2021-07-10 13:55:13,053 : AssetManager : Registering Asset: OhBossley, File: OhBossley.wav, Default Group: voice, Final Config: {'load': 'on_demand', 'track': 'voice', 'file': 'C:\\Pinball\\My_Design\\MPF\\Charlies Angels\\sounds\\voice\\OhBossley.wav'}
2021-07-10 13:55:13,053 : AssetManager : Registering Asset: ooh-end, File: ooh-end.wav, Default Group: voice, Final Config: {'load': 'on_demand', 'track': 'voice', 'file': 'C:\\Pinball\\My_Design\\MPF\\Charlies Angels\\sounds\\voice\\ooh-end.wav'}
2021-07-10 13:55:13,053 : AssetManager : Registering Asset: Ooh, File: Ooh.wav, Default Group: voice, Final Config: {'load': 'on_demand', 'track': 'voice', 'file': 'C:\\Pinball\\My_Design\\MPF\\Charlies Angels\\sounds\\voice\\Ooh.wav'}
2021-07-10 13:55:13,053 : AssetManager : Registering Asset: Ooh1, File: Ooh1.wav, Default Group: voice, Final Config: {'load': 'on_demand', 'track': 'voice', 'file': 'C:\\Pinball\\My_Design\\MPF\\Charlies Angels\\sounds\\voice\\Ooh1.wav'}
2021-07-10 13:55:13,053 : AssetManager : Registering Asset: sensational, File: sensational.wav, Default Group: voice, Final Config: {'load': 'on_demand', 'track': 'voice', 'file': 'C:\\Pinball\\My_Design\\MPF\\Charlies Angels\\sounds\\voice\\sensational.wav'}
2021-07-10 13:55:13,053 : AssetManager : Registering Asset: whooTracy, File: whooTracy.wav, Default Group: voice, Final Config: {'load': 'on_demand', 'track': 'voice', 'file': 'C:\\Pinball\\My_Design\\MPF\\Charlies Angels\\sounds\\voice\\whooTracy.wav'}
2021-07-10 13:55:13,054 : AssetManager : Registering Asset: Wow, File: Wow.wav, Default Group: voice, Final Config: {'load': 'on_demand', 'track': 'voice', 'file': 'C:\\Pinball\\My_Design\\MPF\\Charlies Angels\\sounds\\voice\\Wow.wav'}
2021-07-10 13:55:13,054 : AssetManager : Registering Asset: yess, File: yess.wav, Default Group: voice, Final Config: {'load': 'on_demand', 'track': 'voice', 'file': 'C:\\Pinball\\My_Design\\MPF\\Charlies Angels\\sounds\\voice\\yess.wav'}
2021-07-10 13:55:13,058 : EventManager : Event: ======'init_phase_4'====== Args={}
2021-07-10 13:55:13,058 : EventManager : Event: ======'init_phase_5'====== Args={}
2021-07-10 13:55:13,059 : EventManager : Event: ======'init_done'====== Args={}
2021-07-10 13:55:13,059 : MPF-MC BCP Server : Starting up on localhost port 5050
2021-07-10 13:55:13,068 : MPF-MC BCP Server : Waiting for a connection...
2021-07-10 13:55:13,068 : mpfmc : SlidePlayer: Play called with settings={'slides': {welcome_slide-None-None: {'priority': None, 'target': None, 'background_color': [0.0, 0.0, 0.0, 1.0], 'show': True, 'force': False, 'expire': None, 'slide': None, 'tokens': {}, 'action': 'play', 'transition': None, 'transition_out': None}}}
2021-07-10 13:55:13,075 : kivy : GL: NPOT texture support is available
2021-07-10 13:55:13,077 : EventManager : Event: ======'slide_welcome_slide_created'====== Args={}
2021-07-10 13:55:13,085 : EventManager : Event: ======'slide_welcome_slide_active'====== Args={}
2021-07-10 13:55:13,126 : EventManager : Event: ======'client_disconnected'====== Args={'host': '127.0.0.1', 'port': 5050}
2021-07-10 13:55:13,252 : MPF-MC BCP Server : Received connection from: 127.0.0.1:55024
2021-07-10 13:55:13,257 : EventManager : Event: ======'client_connected'====== Args={'host': '127.0.0.1', 'port': 55024}
2021-07-10 13:55:13,282 : EventManager : Event: ======'machine_var_credits_string'====== Args={'value': 'FREE PLAY', 'prev_value': None, 'change': True}
2021-07-10 13:55:13,282 : EventManager : Event: ======'machine_var_player1_score'====== Args={'value': 203230, 'prev_value': None, 'change': True}
2021-07-10 13:55:13,282 : EventManager : Event: ======'machine_var_mpf_version'====== Args={'value': 'MPF v0.54.6', 'prev_value': None, 'change': True}
2021-07-10 13:55:13,282 : EventManager : Event: ======'machine_var_mpf_extended_version'====== Args={'value': 'MPF v0.54.6, Config version:5, Show version: 5, BCP version:1.1', 'prev_value': None, 'change': True}
2021-07-10 13:55:13,283 : EventManager : Event: ======'machine_var_python_version'====== Args={'value': '3.6.4', 'prev_value': None, 'change': True}
2021-07-10 13:55:13,283 : EventManager : Event: ======'machine_var_platform'====== Args={'value': 'Windows-7-6.1.7601-SP1', 'prev_value': None, 'change': True}
2021-07-10 13:55:13,283 : EventManager : Event: ======'machine_var_platform_system'====== Args={'value': 'Windows', 'prev_value': None, 'change': True}
2021-07-10 13:55:13,283 : EventManager : Event: ======'machine_var_platform_release'====== Args={'value': '7', 'prev_value': None, 'change': True}
2021-07-10 13:55:13,283 : EventManager : Event: ======'machine_var_platform_version'====== Args={'value': '6.1.7601', 'prev_value': None, 'change': True}
2021-07-10 13:55:13,284 : EventManager : Event: ======'machine_var_platform_machine'====== Args={'value': 'x86', 'prev_value': None, 'change': True}
2021-07-10 13:55:13,284 : EventManager : Event: ======'machine_var_mc_version'====== Args={'value': 'MPF-MC v0.54.0', 'prev_value': None, 'change': True}
2021-07-10 13:55:13,284 : EventManager : Event: ======'machine_var_mc_extended_version'====== Args={'value': 'MPF-MC v0.54.0 (config_version=5, BCP v1.1, Requires MPF v0.54.0)', 'prev_value': None, 'change': True}
2021-07-10 13:55:13,284 : EventManager : Event: ======'machine_var_master_volume'====== Args={'value': 0.75, 'prev_value': None, 'change': True}
2021-07-10 13:55:13,364 : EventManager : Event: ======'machine_var_audits_shots_AnyWdrop'====== Args={'value': 17, 'prev_value': None, 'change': True}
2021-07-10 13:55:13,365 : EventManager : Event: ======'machine_var_audits_shots_Cshot'====== Args={'value': 658, 'prev_value': None, 'change': True}
2021-07-10 13:55:13,365 : EventManager : Event: ======'machine_var_audits_shots_HHshot'====== Args={'value': 13, 'prev_value': None, 'change': True}
2021-07-10 13:55:13,365 : EventManager : Event: ======'machine_var_audits_shots_HorI_shot'====== Args={'value': 735, 'prev_value': None, 'change': True}
2021-07-10 13:55:13,366 : EventManager : Event: ======'machine_var_audits_shots_Hshot'====== Args={'value': 533, 'prev_value': None, 'change': True}
2021-07-10 13:55:13,366 : EventManager : Event: ======'machine_var_audits_shots_Ishot'====== Args={'value': 619, 'prev_value': None, 'change': True}
2021-07-10 13:55:13,366 : EventManager : Event: ======'machine_var_audits_shots_in_left'====== Args={'value': 311, 'prev_value': None, 'change': True}
2021-07-10 13:55:13,366 : EventManager : Event: ======'machine_var_audits_shots_in_right'====== Args={'value': 121, 'prev_value': None, 'change': True}
2021-07-10 13:55:13,366 : EventManager : Event: ======'machine_var_audits_shots_my_shot'====== Args={'value': 187, 'prev_value': None, 'change': True}
2021-07-10 13:55:13,367 : EventManager : Event: ======'machine_var_audits_shots_rd1_shot'====== Args={'value': 141, 'prev_value': None, 'change': True}
2021-07-10 13:55:13,367 : EventManager : Event: ======'machine_var_audits_shots_rd2_shot'====== Args={'value': 134, 'prev_value': None, 'change': True}
2021-07-10 13:55:13,367 : EventManager : Event: ======'machine_var_audits_shots_rd3_shot'====== Args={'value': 180, 'prev_value': None, 'change': True}
2021-07-10 13:55:13,367 : EventManager : Event: ======'machine_var_audits_shots_rd4_shot'====== Args={'value': 142, 'prev_value': None, 'change': True}
2021-07-10 13:55:13,367 : EventManager : Event: ======'machine_var_audits_shots_rd5_shot'====== Args={'value': 147, 'prev_value': None, 'change': True}
2021-07-10 13:55:13,368 : EventManager : Event: ======'machine_var_audits_switches_reset'====== Args={'value': 0, 'prev_value': None, 'change': True}
2021-07-10 13:55:13,368 : EventManager : Event: ======'machine_var_audits_switches_s_10_point'====== Args={'value': 505, 'prev_value': None, 'change': True}
2021-07-10 13:55:13,368 : EventManager : Event: ======'machine_var_audits_switches_s_Bulls_eye'====== Args={'value': 437, 'prev_value': None, 'change': True}
2021-07-10 13:55:13,368 : EventManager : Event: ======'machine_var_audits_switches_s_Bumpers'====== Args={'value': 1636, 'prev_value': None, 'change': True}
2021-07-10 13:55:13,368 : EventManager : Event: ======'machine_var_audits_switches_s_C_rollovers'====== Args={'value': 665, 'prev_value': None, 'change': True}
2021-07-10 13:55:13,370 : EventManager : Event: ======'machine_var_audits_switches_s_Coin_lhs'====== Args={'value': 0, 'prev_value': None, 'change': True}
2021-07-10 13:55:13,370 : EventManager : Event: ======'machine_var_audits_switches_s_Coin_rhs'====== Args={'value': 0, 'prev_value': None, 'change': True}
2021-07-10 13:55:13,370 : EventManager : Event: ======'machine_var_audits_switches_s_Drop_red_1'====== Args={'value': 145, 'prev_value': None, 'change': True}
2021-07-10 13:55:13,370 : EventManager : Event: ======'machine_var_audits_switches_s_Drop_red_2'====== Args={'value': 136, 'prev_value': None, 'change': True}
2021-07-10 13:55:13,371 : EventManager : Event: ======'machine_var_audits_switches_s_Drop_red_3'====== Args={'value': 186, 'prev_value': None, 'change': True}
2021-07-10 13:55:13,371 : EventManager : Event: ======'machine_var_audits_switches_s_Drop_red_4'====== Args={'value': 149, 'prev_value': None, 'change': True}
2021-07-10 13:55:13,384 : EventManager : Event: ======'machine_var_audits_switches_s_Drop_red_5'====== Args={'value': 149, 'prev_value': None, 'change': True}
2021-07-10 13:55:13,384 : EventManager : Event: ======'machine_var_audits_switches_s_Drop_white_1'====== Args={'value': 253, 'prev_value': None, 'change': True}
2021-07-10 13:55:13,384 : EventManager : Event: ======'machine_var_audits_switches_s_Drop_white_2'====== Args={'value': 255, 'prev_value': None, 'change': True}
2021-07-10 13:55:13,384 : EventManager : Event: ======'machine_var_audits_switches_s_Drop_white_3'====== Args={'value': 187, 'prev_value': None, 'change': True}
2021-07-10 13:55:13,384 : EventManager : Event: ======'machine_var_audits_switches_s_H_rollover'====== Args={'value': 537, 'prev_value': None, 'change': True}
2021-07-10 13:55:13,384 : EventManager : Event: ======'machine_var_audits_switches_s_I_rollover'====== Args={'value': 629, 'prev_value': None, 'change': True}
2021-07-10 13:55:13,385 : EventManager : Event: ======'machine_var_audits_switches_s_Left_inlane'====== Args={'value': 3209, 'prev_value': None, 'change': True}
2021-07-10 13:55:13,385 : EventManager : Event: ======'machine_var_audits_switches_s_Outlanes'====== Args={'value': 92, 'prev_value': None, 'change': True}
2021-07-10 13:55:13,385 : EventManager : Event: ======'machine_var_audits_switches_s_Replay_button'====== Args={'value': 107, 'prev_value': None, 'change': True}
2021-07-10 13:55:13,385 : EventManager : Event: ======'machine_var_audits_switches_s_Right_inlane'====== Args={'value': 446, 'prev_value': None, 'change': True}
2021-07-10 13:55:13,385 : EventManager : Event: ======'machine_var_audits_switches_s_Rollover_1'====== Args={'value': 305, 'prev_value': None, 'change': True}
2021-07-10 13:55:13,385 : EventManager : Event: ======'machine_var_audits_switches_s_Rollover_2'====== Args={'value': 181, 'prev_value': None, 'change': True}
2021-07-10 13:55:13,385 : EventManager : Event: ======'machine_var_audits_switches_s_Rollover_3'====== Args={'value': 322, 'prev_value': None, 'change': True}
2021-07-10 13:55:13,386 : EventManager : Event: ======'machine_var_audits_switches_s_Rollover_4'====== Args={'value': 314, 'prev_value': None, 'change': True}
2021-07-10 13:55:13,386 : EventManager : Event: ======'machine_var_audits_switches_s_Rollover_5'====== Args={'value': 308, 'prev_value': None, 'change': True}
2021-07-10 13:55:13,386 : EventManager : Event: ======'machine_var_audits_switches_s_Test_button'====== Args={'value': 0, 'prev_value': None, 'change': True}
2021-07-10 13:55:13,386 : EventManager : Event: ======'machine_var_audits_switches_s_Tilt'====== Args={'value': 21, 'prev_value': None, 'change': True}
2021-07-10 13:55:13,386 : EventManager : Event: ======'machine_var_audits_switches_s_outhole'====== Args={'value': 1274, 'prev_value': None, 'change': True}
2021-07-10 13:55:13,386 : EventManager : Event: ======'machine_var_audits_switches_s_slam_tilt'====== Args={'value': 9, 'prev_value': None, 'change': True}
2021-07-10 13:55:13,386 : EventManager : Event: ======'machine_var_audits_switches_trough_sw'====== Args={'value': 0, 'prev_value': None, 'change': True}
2021-07-10 13:55:13,422 : EventManager : Event: ======'slides_play'====== Args={'settings': {'welcome_slide': {'target': None, 'background_color': [0.0, 0.0, 0.0, 1.0], 'priority': None, 'show': True, 'force': False, 'expire': None, 'slide': None, 'tokens': {}, 'action': 'play'}}, 'context': '_global', 'calling_context': 'init_done', 'priority': 0}
2021-07-10 13:55:13,422 : EventManager : Event: ======'mc_reset_phase_1'====== Args={}
2021-07-10 13:55:13,422 : mpfmc : SlidePlayer: Play called with settings={'welcome_slide': {'target': None, 'background_color': [0.0, 0.0, 0.0, 1.0], 'priority': None, 'show': True, 'force': False, 'expire': None, 'slide': None, 'tokens': {}, 'action': 'play'}}
2021-07-10 13:55:13,423 : EventManager : Event: ======'slide_welcome_slide_removed'====== Args={}
2021-07-10 13:55:13,427 : EventManager : Event: ======'slide_welcome_slide_created'====== Args={}
2021-07-10 13:55:13,428 : EventManager : Event: ======'mc_reset_phase_2'====== Args={}
2021-07-10 13:55:13,428 : EventManager : Event: ======'mc_reset_phase_3'====== Args={}
2021-07-10 13:55:13,428 : EventManager : Event: ======'mc_reset_complete'====== Args={}
2021-07-10 13:55:13,429 : EventManager : Event: ======'slide_welcome_slide_active'====== Args={}
2021-07-10 13:55:21,490 : EventManager : Event: ======'game_started'====== Args={}
2021-07-10 13:55:21,490 : mpfmc : SlidePlayer: Play called with settings={'slides': {segment_displays-None-None: {'priority': None, 'target': None, 'background_color': [0.0, 0.0, 0.0, 1.0], 'show': True, 'force': False, 'expire': None, 'slide': None, 'tokens': {}, 'action': 'play', 'transition': None, 'transition_out': None}}}
2021-07-10 13:55:21,514 : EventManager : Event: ======'slide_segment_displays_created'====== Args={}
2021-07-10 13:55:21,528 : EventManager : Event: ======'slide_segment_displays_active'====== Args={}
2021-07-10 13:55:22,018 : EventManager : Event: ======'player_added'====== Args={'player': <Player 1>, 'num': 1}
2021-07-10 13:55:22,018 : EventManager : Event: ======'player_index'====== Args={'value': 0, 'prev_value': 0, 'change': 0, 'player_num': 1}
2021-07-10 13:55:22,018 : EventManager : Event: ======'player_number'====== Args={'value': 1, 'prev_value': 1, 'change': 0, 'player_num': 1}
2021-07-10 13:55:22,018 : EventManager : Event: ======'player_score'====== Args={'value': 0, 'prev_value': 0, 'change': 0, 'player_num': 1}
2021-07-10 13:55:22,019 : EventManager : Event: ======'player_bonus'====== Args={'value': 0, 'prev_value': 0, 'change': 0, 'player_num': 1}
2021-07-10 13:55:22,019 : EventManager : Event: ======'player_bonus_multiplier'====== Args={'value': 1, 'prev_value': 0, 'change': 1, 'player_num': 1}
2021-07-10 13:55:22,019 : EventManager : Event: ======'slides_play'====== Args={'settings': {'segment_displays': {'target': None, 'background_color': [0.0, 0.0, 0.0, 1.0], 'priority': None, 'show': True, 'force': False, 'expire': None, 'slide': None, 'tokens': {}, 'action': 'play'}}, 'context': '_global', 'calling_context': 'game_started', 'priority': 0}
2021-07-10 13:55:22,019 : EventManager : Event: ======'player_ball'====== Args={'value': 1, 'prev_value': 0, 'change': 1, 'player_num': 1}
2021-07-10 13:55:22,019 : EventManager : Event: ======'player_turn_start'====== Args={'number': 1, 'player': <Player 1>}
2021-07-10 13:55:22,019 : EventManager : Event: ======'player_shot_rd1_shot_enabled'====== Args={'value': True, 'prev_value': 0, 'change': 1, 'player_num': 1}
2021-07-10 13:55:22,019 : EventManager : Event: ======'player_shot_rd2_shot_enabled'====== Args={'value': True, 'prev_value': 0, 'change': 1, 'player_num': 1}
2021-07-10 13:55:22,020 : EventManager : Event: ======'player_shot_rd3_shot_enabled'====== Args={'value': True, 'prev_value': 0, 'change': 1, 'player_num': 1}
2021-07-10 13:55:22,020 : EventManager : Event: ======'player_shot_rd4_shot_enabled'====== Args={'value': True, 'prev_value': 0, 'change': 1, 'player_num': 1}
2021-07-10 13:55:22,020 : EventManager : Event: ======'player_shot_rd5_shot_enabled'====== Args={'value': True, 'prev_value': 0, 'change': 1, 'player_num': 1}
2021-07-10 13:55:22,020 : EventManager : Event: ======'player_extra_ball_score_one_num_awarded'====== Args={'value': 0, 'prev_value': 0, 'change': 0, 'player_num': 1}
2021-07-10 13:55:22,020 : EventManager : Event: ======'player_shot_HorI_shot_enabled'====== Args={'value': True, 'prev_value': 0, 'change': 1, 'player_num': 1}
2021-07-10 13:55:22,020 : EventManager : Event: ======'player_shot_Cshot_enabled'====== Args={'value': True, 'prev_value': 0, 'change': 1, 'player_num': 1}
2021-07-10 13:55:22,021 : EventManager : Event: ======'player_shot_Hshot_enabled'====== Args={'value': True, 'prev_value': 0, 'change': 1, 'player_num': 1}
2021-07-10 13:55:22,021 : EventManager : Event: ======'player_shot_Ishot_enabled'====== Args={'value': True, 'prev_value': 0, 'change': 1, 'player_num': 1}
2021-07-10 13:55:22,021 : EventManager : Event: ======'sounds_play'====== Args={'settings': {'GoodMorning': {'action': 'play', 'volume': 1.0, 'priority': None, 'track': None, 'pan': None, 'loops': None, 'start_at': None, 'fade_in': None, 'fade_out': None, 'about_to_finish_time': -1.0, 'max_queue_time': -1.0, 'events_when_played': ['use_sound_setting'], 'events_when_stopped': ['use_sound_setting'], 'events_when_looping': ['use_sound_setting'], 'events_when_about_to_finish': ['use_sound_setting'], 'mode_end_action': 'use_sound_setting', 'key': 'use_sound_setting'}}, 'context': '_global', 'calling_context': 'ball_started{ball==1}', 'priority': 0, 'player': 1, 'ball': 1, 'balls_remaining': 2, 'is_extra_ball': False}
2021-07-10 13:55:22,021 : EventManager : Event: ======'sounds_play'====== Args={'settings': {'Theme_Song': {'action': 'play', 'loops': -1, 'priority': None, 'track': None, 'volume': None, 'pan': None, 'start_at': None, 'fade_in': None, 'fade_out': None, 'about_to_finish_time': -1.0, 'max_queue_time': -1.0, 'events_when_played': ['use_sound_setting'], 'events_when_stopped': ['use_sound_setting'], 'events_when_looping': ['use_sound_setting'], 'events_when_about_to_finish': ['use_sound_setting'], 'mode_end_action': 'use_sound_setting', 'key': 'use_sound_setting'}}, 'context': '_global', 'calling_context': 'ball_started', 'priority': 0, 'player': 1, 'ball': 1, 'balls_remaining': 2, 'is_extra_ball': False}
2021-07-10 13:55:22,023 : mpfmc : SlidePlayer: Play called with settings={'segment_displays': {'target': None, 'background_color': [0.0, 0.0, 0.0, 1.0], 'priority': None, 'show': True, 'force': False, 'expire': None, 'slide': None, 'tokens': {}, 'action': 'play'}}
2021-07-10 13:55:22,028 : EventManager : Event: ======'slide_segment_displays_removed'====== Args={}
2021-07-10 13:55:22,040 : EventManager : Event: ======'slide_segment_displays_created'====== Args={}
2021-07-10 13:55:22,048 : EventManager : Event: ======'slide_segment_displays_active'====== Args={}
2021-07-10 13:55:22,239 : EventManager : Event: ======'loading_assets'====== Args={'total': 2, 'loaded': 1, 'remaining': 1, 'percent': 50}
2021-07-10 13:55:22,239 : AssetManager : Loading assets: 1/2 (50%)
2021-07-10 13:55:22,239 : EventManager : Event: ======'loading_assets'====== Args={'total': 2, 'loaded': 2, 'remaining': 0, 'percent': 100}
2021-07-10 13:55:22,239 : AssetManager : Asset loading took: 9.309532403945923
2021-07-10 13:55:22,239 : EventManager : Event: ======'asset_loading_complete'====== Args={}
2021-07-10 13:55:22,239 : AssetManager : Loading assets: 2/2 (100%)
2021-07-10 13:55:25,135 : EventManager : Event: ======'machine_var_audits_switches_s_Left_inlane'====== Args={'value': 3210, 'prev_value': 3209, 'change': 1}
2021-07-10 13:55:25,147 : EventManager : Event: ======'player_score'====== Args={'value': 500, 'prev_value': 0, 'change': 500, 'player_num': 1}
2021-07-10 13:55:25,147 : EventManager : Event: ======'player_bonus'====== Args={'value': 1, 'prev_value': 0, 'change': 1, 'player_num': 1}
2021-07-10 13:55:25,617 : EventManager : Event: ======'machine_var_audits_switches_s_Left_inlane'====== Args={'value': 3211, 'prev_value': 3210, 'change': 1}
2021-07-10 13:55:25,617 : EventManager : Event: ======'player_score'====== Args={'value': 1000, 'prev_value': 500, 'change': 500, 'player_num': 1}
2021-07-10 13:55:25,617 : EventManager : Event: ======'player_bonus'====== Args={'value': 2, 'prev_value': 1, 'change': 1, 'player_num': 1}
2021-07-10 13:55:25,801 : EventManager : Event: ======'machine_var_audits_switches_s_Left_inlane'====== Args={'value': 3212, 'prev_value': 3211, 'change': 1}
2021-07-10 13:55:25,813 : EventManager : Event: ======'player_score'====== Args={'value': 1500, 'prev_value': 1000, 'change': 500, 'player_num': 1}
2021-07-10 13:55:25,813 : EventManager : Event: ======'player_bonus'====== Args={'value': 3, 'prev_value': 2, 'change': 1, 'player_num': 1}
2021-07-10 13:55:28,032 : EventManager : Event: ======'machine_var_audits_switches_s_outhole'====== Args={'value': 1275, 'prev_value': 1274, 'change': 1}
2021-07-10 13:55:28,550 : EventManager : Event: ======'player_EBH'====== Args={'value': 0, 'prev_value': 0, 'change': 0, 'player_num': 1}
2021-07-10 13:55:28,550 : EventManager : Event: ======'player_EB11k'====== Args={'value': 0, 'prev_value': 0, 'change': 0, 'player_num': 1}
2021-07-10 13:55:28,551 : EventManager : Event: ======'player_Rd5k'====== Args={'value': 0, 'prev_value': 0, 'change': 0, 'player_num': 1}
2021-07-10 13:55:28,551 : EventManager : Event: ======'player_keepBM'====== Args={'value': 0, 'prev_value': 0, 'change': 0, 'player_num': 1}
2021-07-10 13:55:28,551 : EventManager : Event: ======'sounds_play'====== Args={'settings': {'Theme_Song': {'action': 'stop', 'priority': None, 'track': None, 'volume': None, 'pan': None, 'loops': None, 'start_at': None, 'fade_in': None, 'fade_out': None, 'about_to_finish_time': -1.0, 'max_queue_time': -1.0, 'events_when_played': ['use_sound_setting'], 'events_when_stopped': ['use_sound_setting'], 'events_when_looping': ['use_sound_setting'], 'events_when_about_to_finish': ['use_sound_setting'], 'mode_end_action': 'use_sound_setting', 'key': 'use_sound_setting'}}, 'context': '_global', 'calling_context': 'ball_drain', 'priority': 0, 'device': '<ball_device.bd_outhole>', 'balls': 1}
2021-07-10 13:55:28,551 : EventManager : Event: ======'player_tilt_warnings'====== Args={'value': 0, 'prev_value': 0, 'change': 0, 'player_num': 1}
2021-07-10 13:55:28,616 : EventManager : Event: ======'sounds_play'====== Args={'settings': {'Gun_Silencer': {'action': 'play', 'volume': 1.0, 'priority': None, 'track': None, 'pan': None, 'loops': None, 'start_at': None, 'fade_in': None, 'fade_out': None, 'about_to_finish_time': -1.0, 'max_queue_time': -1.0, 'events_when_played': ['use_sound_setting'], 'events_when_stopped': ['use_sound_setting'], 'events_when_looping': ['use_sound_setting'], 'events_when_about_to_finish': ['use_sound_setting'], 'mode_end_action': 'use_sound_setting', 'key': 'use_sound_setting'}}, 'context': '_global', 'calling_context': 'bonus_code_step', 'priority': 0}
2021-07-10 13:55:28,646 : EventManager : Event: ======'loading_assets'====== Args={'total': 1, 'loaded': 1, 'remaining': 0, 'percent': 100}
2021-07-10 13:55:28,646 : AssetManager : Asset loading took: 15.715898990631104
2021-07-10 13:55:28,646 : EventManager : Event: ======'asset_loading_complete'====== Args={}
2021-07-10 13:55:28,646 : AssetManager : Loading assets: 1/1 (100%)
2021-07-10 13:55:29,091 : EventManager : Event: ======'player_score'====== Args={'value': 2500, 'prev_value': 1500, 'change': 1000, 'player_num': 1}
2021-07-10 13:55:29,091 : EventManager : Event: ======'sounds_play'====== Args={'settings': {'Gun_Silencer': {'action': 'play', 'volume': 1.0, 'priority': None, 'track': None, 'pan': None, 'loops': None, 'start_at': None, 'fade_in': None, 'fade_out': None, 'about_to_finish_time': -1.0, 'max_queue_time': -1.0, 'events_when_played': ['use_sound_setting'], 'events_when_stopped': ['use_sound_setting'], 'events_when_looping': ['use_sound_setting'], 'events_when_about_to_finish': ['use_sound_setting'], 'mode_end_action': 'use_sound_setting', 'key': 'use_sound_setting'}}, 'context': '_global', 'calling_context': 'bonus_code_step', 'priority': 0}
2021-07-10 13:55:29,586 : EventManager : Event: ======'player_score'====== Args={'value': 3500, 'prev_value': 2500, 'change': 1000, 'player_num': 1}
2021-07-10 13:55:29,586 : EventManager : Event: ======'sounds_play'====== Args={'settings': {'Gun_Silencer': {'action': 'play', 'volume': 1.0, 'priority': None, 'track': None, 'pan': None, 'loops': None, 'start_at': None, 'fade_in': None, 'fade_out': None, 'about_to_finish_time': -1.0, 'max_queue_time': -1.0, 'events_when_played': ['use_sound_setting'], 'events_when_stopped': ['use_sound_setting'], 'events_when_looping': ['use_sound_setting'], 'events_when_about_to_finish': ['use_sound_setting'], 'mode_end_action': 'use_sound_setting', 'key': 'use_sound_setting'}}, 'context': '_global', 'calling_context': 'bonus_code_step', 'priority': 0}
2021-07-10 13:55:30,090 : EventManager : Event: ======'player_score'====== Args={'value': 4500, 'prev_value': 3500, 'change': 1000, 'player_num': 1}
2021-07-10 13:55:30,090 : EventManager : Event: ======'sounds_play'====== Args={'settings': {'Gun_Silencer': {'action': 'play', 'volume': 1.0, 'priority': None, 'track': None, 'pan': None, 'loops': None, 'start_at': None, 'fade_in': None, 'fade_out': None, 'about_to_finish_time': -1.0, 'max_queue_time': -1.0, 'events_when_played': ['use_sound_setting'], 'events_when_stopped': ['use_sound_setting'], 'events_when_looping': ['use_sound_setting'], 'events_when_about_to_finish': ['use_sound_setting'], 'mode_end_action': 'use_sound_setting', 'key': 'use_sound_setting'}}, 'context': '_global', 'calling_context': 'bonus_code_step', 'priority': 0}
2021-07-10 13:55:31,082 : EventManager : Event: ======'player_bonus'====== Args={'value': 0, 'prev_value': 3, 'change': -3, 'player_num': 1}
2021-07-10 13:55:31,154 : EventManager : Event: ======'player_ball'====== Args={'value': 2, 'prev_value': 1, 'change': 1, 'player_num': 1}
2021-07-10 13:55:31,585 : EventManager : Event: ======'sounds_play'====== Args={'settings': {'GoodLuckAngels': {'action': 'play', 'volume': 1.0, 'priority': None, 'track': None, 'pan': None, 'loops': None, 'start_at': None, 'fade_in': None, 'fade_out': None, 'about_to_finish_time': -1.0, 'max_queue_time': -1.0, 'events_when_played': ['use_sound_setting'], 'events_when_stopped': ['use_sound_setting'], 'events_when_looping': ['use_sound_setting'], 'events_when_about_to_finish': ['use_sound_setting'], 'mode_end_action': 'use_sound_setting', 'key': 'use_sound_setting'}}, 'context': '_global', 'calling_context': 'ball_started{ball!=1}', 'priority': 0, 'player': 1, 'ball': 2, 'balls_remaining': 1, 'is_extra_ball': False}
2021-07-10 13:55:31,638 : EventManager : Event: ======'sounds_play'====== Args={'settings': {'Theme_Song': {'action': 'play', 'loops': -1, 'priority': None, 'track': None, 'volume': None, 'pan': None, 'start_at': None, 'fade_in': None, 'fade_out': None, 'about_to_finish_time': -1.0, 'max_queue_time': -1.0, 'events_when_played': ['use_sound_setting'], 'events_when_stopped': ['use_sound_setting'], 'events_when_looping': ['use_sound_setting'], 'events_when_about_to_finish': ['use_sound_setting'], 'mode_end_action': 'use_sound_setting', 'key': 'use_sound_setting'}}, 'context': '_global', 'calling_context': 'ball_started', 'priority': 0, 'player': 1, 'ball': 2, 'balls_remaining': 1, 'is_extra_ball': False}
2021-07-10 13:55:31,682 : EventManager : Event: ======'loading_assets'====== Args={'total': 1, 'loaded': 1, 'remaining': 0, 'percent': 100}
2021-07-10 13:55:31,682 : AssetManager : Asset loading took: 18.75207233428955
2021-07-10 13:55:31,682 : EventManager : Event: ======'asset_loading_complete'====== Args={}
2021-07-10 13:55:31,683 : AssetManager : Loading assets: 1/1 (100%)
2021-07-10 13:55:33,638 : EventManager : Event: ======'machine_var_audits_switches_s_Drop_red_3'====== Args={'value': 187, 'prev_value': 186, 'change': 1}
2021-07-10 13:55:33,656 : EventManager : Event: ======'player_shot_rd3_shot'====== Args={'value': 1, 'prev_value': 0, 'change': 1, 'player_num': 1}
2021-07-10 13:55:33,680 : EventManager : Event: ======'machine_var_audits_shots_rd3_shot'====== Args={'value': 181, 'prev_value': 180, 'change': 1}
2021-07-10 13:55:33,681 : EventManager : Event: ======'player_score'====== Args={'value': 5000, 'prev_value': 4500, 'change': 500, 'player_num': 1}
2021-07-10 13:55:33,681 : EventManager : Event: ======'player_bonus'====== Args={'value': 1, 'prev_value': 0, 'change': 1, 'player_num': 1}
2021-07-10 13:55:35,549 : EventManager : Event: ======'machine_var_audits_switches_s_C_rollovers'====== Args={'value': 666, 'prev_value': 665, 'change': 1}
2021-07-10 13:55:35,562 : EventManager : Event: ======'player_shot_Cshot'====== Args={'value': 1, 'prev_value': 0, 'change': 1, 'player_num': 1}
2021-07-10 13:55:35,562 : EventManager : Event: ======'machine_var_audits_shots_Cshot'====== Args={'value': 659, 'prev_value': 658, 'change': 1}
2021-07-10 13:55:35,562 : EventManager : Event: ======'player_score'====== Args={'value': 5500, 'prev_value': 5000, 'change': 500, 'player_num': 1}
2021-07-10 13:55:35,562 : EventManager : Event: ======'player_bonus'====== Args={'value': 2, 'prev_value': 1, 'change': 1, 'player_num': 1}
2021-07-10 13:55:36,755 : EventManager : Event: ======'machine_var_audits_switches_s_H_rollover'====== Args={'value': 538, 'prev_value': 537, 'change': 1}
2021-07-10 13:55:36,767 : EventManager : Event: ======'player_shot_HorI_shot'====== Args={'value': 1, 'prev_value': 0, 'change': 1, 'player_num': 1}
2021-07-10 13:55:36,767 : EventManager : Event: ======'machine_var_audits_shots_HorI_shot'====== Args={'value': 736, 'prev_value': 735, 'change': 1}
2021-07-10 13:55:36,781 : EventManager : Event: ======'player_EBH'====== Args={'value': 1, 'prev_value': 0, 'change': 1, 'player_num': 1}
2021-07-10 13:55:36,781 : EventManager : Event: ======'player_shot_Hshot'====== Args={'value': 1, 'prev_value': 0, 'change': 1, 'player_num': 1}
2021-07-10 13:55:36,781 : EventManager : Event: ======'machine_var_audits_shots_Hshot'====== Args={'value': 534, 'prev_value': 533, 'change': 1}
2021-07-10 13:55:36,781 : EventManager : Event: ======'player_score'====== Args={'value': 6000, 'prev_value': 5500, 'change': 500, 'player_num': 1}
2021-07-10 13:55:36,782 : EventManager : Event: ======'player_bonus'====== Args={'value': 3, 'prev_value': 2, 'change': 1, 'player_num': 1}
2021-07-10 13:55:37,850 : EventManager : Event: ======'machine_var_audits_switches_s_I_rollover'====== Args={'value': 630, 'prev_value': 629, 'change': 1}
2021-07-10 13:55:37,850 : EventManager : Event: ======'machine_var_audits_shots_HorI_shot'====== Args={'value': 737, 'prev_value': 736, 'change': 1}
2021-07-10 13:55:37,850 : EventManager : Event: ======'player_shot_Ishot'====== Args={'value': 1, 'prev_value': 0, 'change': 1, 'player_num': 1}
2021-07-10 13:55:37,851 : EventManager : Event: ======'machine_var_audits_shots_Ishot'====== Args={'value': 620, 'prev_value': 619, 'change': 1}
2021-07-10 13:55:37,870 : EventManager : Event: ======'player_shot_Cshot'====== Args={'value': 0, 'prev_value': 1, 'change': -1, 'player_num': 1}
2021-07-10 13:55:37,870 : EventManager : Event: ======'player_bonus_multiplier'====== Args={'value': 2, 'prev_value': 1, 'change': 1, 'player_num': 1}
2021-07-10 13:55:37,870 : EventManager : Event: ======'player_shot_in_left_enabled'====== Args={'value': True, 'prev_value': 0, 'change': 1, 'player_num': 1}
2021-07-10 13:55:37,870 : EventManager : Event: ======'player_shot_in_right_enabled'====== Args={'value': True, 'prev_value': 0, 'change': 1, 'player_num': 1}
2021-07-10 13:55:37,870 : EventManager : Event: ======'sounds_play'====== Args={'settings': {'Wow': {'action': 'play', 'volume': 1.0, 'priority': None, 'track': None, 'pan': None, 'loops': None, 'start_at': None, 'fade_in': None, 'fade_out': None, 'about_to_finish_time': -1.0, 'max_queue_time': -1.0, 'events_when_played': ['use_sound_setting'], 'events_when_stopped': ['use_sound_setting'], 'events_when_looping': ['use_sound_setting'], 'events_when_about_to_finish': ['use_sound_setting'], 'mode_end_action': 'use_sound_setting', 'key': 'use_sound_setting'}}, 'context': '_global', 'calling_context': 'CHICgrp_unlit_complete', 'priority': 0}
2021-07-10 13:55:37,871 : EventManager : Event: ======'player_score'====== Args={'value': 6500, 'prev_value': 6000, 'change': 500, 'player_num': 1}
2021-07-10 13:55:37,871 : EventManager : Event: ======'player_bonus'====== Args={'value': 4, 'prev_value': 3, 'change': 1, 'player_num': 1}
2021-07-10 13:55:37,871 : EventManager : Event: ======'player_shot_in_left'====== Args={'value': 1, 'prev_value': 0, 'change': 1, 'player_num': 1}
2021-07-10 13:55:38,063 : EventManager : Event: ======'loading_assets'====== Args={'total': 1, 'loaded': 1, 'remaining': 0, 'percent': 100}
2021-07-10 13:55:38,064 : AssetManager : Asset loading took: 25.134437561035156
2021-07-10 13:55:38,064 : EventManager : Event: ======'asset_loading_complete'====== Args={}
2021-07-10 13:55:38,064 : AssetManager : Loading assets: 1/1 (100%)
2021-07-10 13:55:40,351 : EventManager : Event: ======'machine_var_audits_switches_s_Bulls_eye'====== Args={'value': 438, 'prev_value': 437, 'change': 1}
2021-07-10 13:55:40,364 : EventManager : Event: ======'sounds_play'====== Args={'settings': {'GunShot2': {'action': 'play', 'volume': 1.0, 'priority': None, 'track': None, 'pan': None, 'loops': None, 'start_at': None, 'fade_in': None, 'fade_out': None, 'about_to_finish_time': -1.0, 'max_queue_time': -1.0, 'events_when_played': ['use_sound_setting'], 'events_when_stopped': ['use_sound_setting'], 'events_when_looping': ['use_sound_setting'], 'events_when_about_to_finish': ['use_sound_setting'], 'mode_end_action': 'use_sound_setting', 'key': 'use_sound_setting'}}, 'context': '_global', 'calling_context': 's_Bulls_eye_active', 'priority': 0}
2021-07-10 13:55:40,365 : EventManager : Event: ======'player_bonus_multiplier'====== Args={'value': 3, 'prev_value': 2, 'change': 1, 'player_num': 1}
2021-07-10 13:55:40,365 : EventManager : Event: ======'player_bonus'====== Args={'value': 5, 'prev_value': 4, 'change': 1, 'player_num': 1}
2021-07-10 13:55:40,405 : EventManager : Event: ======'loading_assets'====== Args={'total': 1, 'loaded': 1, 'remaining': 0, 'percent': 100}
2021-07-10 13:55:40,405 : AssetManager : Asset loading took: 27.475571393966675
2021-07-10 13:55:40,405 : EventManager : Event: ======'asset_loading_complete'====== Args={}
2021-07-10 13:55:40,405 : AssetManager : Loading assets: 1/1 (100%)
2021-07-10 13:55:46,408 : EventManager : Event: ======'machine_var_audits_switches_s_Drop_red_1'====== Args={'value': 146, 'prev_value': 145, 'change': 1}
2021-07-10 13:55:46,442 : EventManager : Event: ======'player_shot_rd1_shot'====== Args={'value': 1, 'prev_value': 0, 'change': 1, 'player_num': 1}
2021-07-10 13:55:46,442 : EventManager : Event: ======'machine_var_audits_shots_rd1_shot'====== Args={'value': 142, 'prev_value': 141, 'change': 1}
2021-07-10 13:55:46,442 : EventManager : Event: ======'player_score'====== Args={'value': 7000, 'prev_value': 6500, 'change': 500, 'player_num': 1}
2021-07-10 13:55:46,442 : EventManager : Event: ======'player_shot_in_left'====== Args={'value': 0, 'prev_value': 1, 'change': -1, 'player_num': 1}
2021-07-10 13:55:46,443 : EventManager : Event: ======'player_shot_in_right'====== Args={'value': 1, 'prev_value': 0, 'change': 1, 'player_num': 1}
2021-07-10 13:55:46,443 : EventManager : Event: ======'player_bonus'====== Args={'value': 6, 'prev_value': 5, 'change': 1, 'player_num': 1}
2021-07-10 13:55:46,443 : EventManager : Event: ======'player_bonus_multiplier'====== Args={'value': 4, 'prev_value': 3, 'change': 1, 'player_num': 1}
2021-07-10 13:55:52,735 : EventManager : Event: ======'machine_var_audits_switches_s_outhole'====== Args={'value': 1276, 'prev_value': 1275, 'change': 1}
2021-07-10 13:55:53,261 : EventManager : Event: ======'player_shot_rd1_shot'====== Args={'value': 0, 'prev_value': 1, 'change': -1, 'player_num': 1}
2021-07-10 13:55:53,261 : EventManager : Event: ======'player_shot_rd3_shot'====== Args={'value': 0, 'prev_value': 1, 'change': -1, 'player_num': 1}
2021-07-10 13:55:53,262 : EventManager : Event: ======'player_shot_HorI_shot'====== Args={'value': 0, 'prev_value': 1, 'change': -1, 'player_num': 1}
2021-07-10 13:55:53,262 : EventManager : Event: ======'player_EBH'====== Args={'value': 0, 'prev_value': 1, 'change': -1, 'player_num': 1}
2021-07-10 13:55:53,263 : EventManager : Event: ======'player_shot_Hshot'====== Args={'value': 0, 'prev_value': 1, 'change': -1, 'player_num': 1}
2021-07-10 13:55:53,263 : EventManager : Event: ======'player_shot_Ishot'====== Args={'value': 0, 'prev_value': 1, 'change': -1, 'player_num': 1}
2021-07-10 13:55:53,263 : EventManager : Event: ======'sounds_play'====== Args={'settings': {'Theme_Song': {'action': 'stop', 'priority': None, 'track': None, 'volume': None, 'pan': None, 'loops': None, 'start_at': None, 'fade_in': None, 'fade_out': None, 'about_to_finish_time': -1.0, 'max_queue_time': -1.0, 'events_when_played': ['use_sound_setting'], 'events_when_stopped': ['use_sound_setting'], 'events_when_looping': ['use_sound_setting'], 'events_when_about_to_finish': ['use_sound_setting'], 'mode_end_action': 'use_sound_setting', 'key': 'use_sound_setting'}}, 'context': '_global', 'calling_context': 'ball_drain', 'priority': 0, 'device': '<ball_device.bd_outhole>', 'balls': 1}
2021-07-10 13:55:53,317 : EventManager : Event: ======'sounds_play'====== Args={'settings': {'Gun_Silencer': {'action': 'play', 'volume': 1.0, 'priority': None, 'track': None, 'pan': None, 'loops': None, 'start_at': None, 'fade_in': None, 'fade_out': None, 'about_to_finish_time': -1.0, 'max_queue_time': -1.0, 'events_when_played': ['use_sound_setting'], 'events_when_stopped': ['use_sound_setting'], 'events_when_looping': ['use_sound_setting'], 'events_when_about_to_finish': ['use_sound_setting'], 'mode_end_action': 'use_sound_setting', 'key': 'use_sound_setting'}}, 'context': '_global', 'calling_context': 'bonus_code_step', 'priority': 0}
2021-07-10 13:55:53,812 : EventManager : Event: ======'player_score'====== Args={'value': 11000, 'prev_value': 7000, 'change': 4000, 'player_num': 1}
2021-07-10 13:55:53,812 : EventManager : Event: ======'sounds_play'====== Args={'settings': {'Gun_Silencer': {'action': 'play', 'volume': 1.0, 'priority': None, 'track': None, 'pan': None, 'loops': None, 'start_at': None, 'fade_in': None, 'fade_out': None, 'about_to_finish_time': -1.0, 'max_queue_time': -1.0, 'events_when_played': ['use_sound_setting'], 'events_when_stopped': ['use_sound_setting'], 'events_when_looping': ['use_sound_setting'], 'events_when_about_to_finish': ['use_sound_setting'], 'mode_end_action': 'use_sound_setting', 'key': 'use_sound_setting'}}, 'context': '_global', 'calling_context': 'bonus_code_step', 'priority': 0}
2021-07-10 13:55:54,309 : EventManager : Event: ======'player_score'====== Args={'value': 15000, 'prev_value': 11000, 'change': 4000, 'player_num': 1}
2021-07-10 13:55:54,309 : EventManager : Event: ======'sounds_play'====== Args={'settings': {'Gun_Silencer': {'action': 'play', 'volume': 1.0, 'priority': None, 'track': None, 'pan': None, 'loops': None, 'start_at': None, 'fade_in': None, 'fade_out': None, 'about_to_finish_time': -1.0, 'max_queue_time': -1.0, 'events_when_played': ['use_sound_setting'], 'events_when_stopped': ['use_sound_setting'], 'events_when_looping': ['use_sound_setting'], 'events_when_about_to_finish': ['use_sound_setting'], 'mode_end_action': 'use_sound_setting', 'key': 'use_sound_setting'}}, 'context': '_global', 'calling_context': 'bonus_code_step', 'priority': 0}
2021-07-10 13:55:54,805 : EventManager : Event: ======'player_score'====== Args={'value': 19000, 'prev_value': 15000, 'change': 4000, 'player_num': 1}
2021-07-10 13:55:54,805 : EventManager : Event: ======'sounds_play'====== Args={'settings': {'Gun_Silencer': {'action': 'play', 'volume': 1.0, 'priority': None, 'track': None, 'pan': None, 'loops': None, 'start_at': None, 'fade_in': None, 'fade_out': None, 'about_to_finish_time': -1.0, 'max_queue_time': -1.0, 'events_when_played': ['use_sound_setting'], 'events_when_stopped': ['use_sound_setting'], 'events_when_looping': ['use_sound_setting'], 'events_when_about_to_finish': ['use_sound_setting'], 'mode_end_action': 'use_sound_setting', 'key': 'use_sound_setting'}}, 'context': '_global', 'calling_context': 'bonus_code_step', 'priority': 0}
2021-07-10 13:55:55,318 : EventManager : Event: ======'player_score'====== Args={'value': 23000, 'prev_value': 19000, 'change': 4000, 'player_num': 1}
2021-07-10 13:55:55,318 : EventManager : Event: ======'sounds_play'====== Args={'settings': {'Gun_Silencer': {'action': 'play', 'volume': 1.0, 'priority': None, 'track': None, 'pan': None, 'loops': None, 'start_at': None, 'fade_in': None, 'fade_out': None, 'about_to_finish_time': -1.0, 'max_queue_time': -1.0, 'events_when_played': ['use_sound_setting'], 'events_when_stopped': ['use_sound_setting'], 'events_when_looping': ['use_sound_setting'], 'events_when_about_to_finish': ['use_sound_setting'], 'mode_end_action': 'use_sound_setting', 'key': 'use_sound_setting'}}, 'context': '_global', 'calling_context': 'bonus_code_step', 'priority': 0}
2021-07-10 13:55:55,807 : EventManager : Event: ======'player_score'====== Args={'value': 27000, 'prev_value': 23000, 'change': 4000, 'player_num': 1}
2021-07-10 13:55:55,807 : EventManager : Event: ======'sounds_play'====== Args={'settings': {'Gun_Silencer': {'action': 'play', 'volume': 1.0, 'priority': None, 'track': None, 'pan': None, 'loops': None, 'start_at': None, 'fade_in': None, 'fade_out': None, 'about_to_finish_time': -1.0, 'max_queue_time': -1.0, 'events_when_played': ['use_sound_setting'], 'events_when_stopped': ['use_sound_setting'], 'events_when_looping': ['use_sound_setting'], 'events_when_about_to_finish': ['use_sound_setting'], 'mode_end_action': 'use_sound_setting', 'key': 'use_sound_setting'}}, 'context': '_global', 'calling_context': 'bonus_code_step', 'priority': 0}
2021-07-10 13:55:56,308 : EventManager : Event: ======'player_score'====== Args={'value': 31000, 'prev_value': 27000, 'change': 4000, 'player_num': 1}
2021-07-10 13:55:56,308 : EventManager : Event: ======'sounds_play'====== Args={'settings': {'Gun_Silencer': {'action': 'play', 'volume': 1.0, 'priority': None, 'track': None, 'pan': None, 'loops': None, 'start_at': None, 'fade_in': None, 'fade_out': None, 'about_to_finish_time': -1.0, 'max_queue_time': -1.0, 'events_when_played': ['use_sound_setting'], 'events_when_stopped': ['use_sound_setting'], 'events_when_looping': ['use_sound_setting'], 'events_when_about_to_finish': ['use_sound_setting'], 'mode_end_action': 'use_sound_setting', 'key': 'use_sound_setting'}}, 'context': '_global', 'calling_context': 'bonus_code_step', 'priority': 0}
2021-07-10 13:55:57,303 : EventManager : Event: ======'player_bonus'====== Args={'value': 0, 'prev_value': 6, 'change': -6, 'player_num': 1}
2021-07-10 13:55:57,303 : EventManager : Event: ======'player_bonus_multiplier'====== Args={'value': 1, 'prev_value': 4, 'change': -3, 'player_num': 1}
2021-07-10 13:55:57,414 : EventManager : Event: ======'player_ball'====== Args={'value': 3, 'prev_value': 2, 'change': 1, 'player_num': 1}
2021-07-10 13:55:57,460 : EventManager : Event: ======'sounds_play'====== Args={'settings': {'GoodLuckAngels': {'action': 'play', 'volume': 1.0, 'priority': None, 'track': None, 'pan': None, 'loops': None, 'start_at': None, 'fade_in': None, 'fade_out': None, 'about_to_finish_time': -1.0, 'max_queue_time': -1.0, 'events_when_played': ['use_sound_setting'], 'events_when_stopped': ['use_sound_setting'], 'events_when_looping': ['use_sound_setting'], 'events_when_about_to_finish': ['use_sound_setting'], 'mode_end_action': 'use_sound_setting', 'key': 'use_sound_setting'}}, 'context': '_global', 'calling_context': 'ball_started{ball!=1}', 'priority': 0, 'player': 1, 'ball': 3, 'balls_remaining': 0, 'is_extra_ball': False}
2021-07-10 13:55:57,460 : EventManager : Event: ======'sounds_play'====== Args={'settings': {'Theme_Song': {'action': 'play', 'loops': -1, 'priority': None, 'track': None, 'volume': None, 'pan': None, 'start_at': None, 'fade_in': None, 'fade_out': None, 'about_to_finish_time': -1.0, 'max_queue_time': -1.0, 'events_when_played': ['use_sound_setting'], 'events_when_stopped': ['use_sound_setting'], 'events_when_looping': ['use_sound_setting'], 'events_when_about_to_finish': ['use_sound_setting'], 'mode_end_action': 'use_sound_setting', 'key': 'use_sound_setting'}}, 'context': '_global', 'calling_context': 'ball_started', 'priority': 0, 'player': 1, 'ball': 3, 'balls_remaining': 0, 'is_extra_ball': False}
2021-07-10 13:56:02,399 : EventManager : Event: ======'machine_var_audits_switches_s_Left_inlane'====== Args={'value': 3213, 'prev_value': 3212, 'change': 1}
2021-07-10 13:56:02,411 : EventManager : Event: ======'player_score'====== Args={'value': 31500, 'prev_value': 31000, 'change': 500, 'player_num': 1}
2021-07-10 13:56:02,411 : EventManager : Event: ======'player_bonus'====== Args={'value': 1, 'prev_value': 0, 'change': 1, 'player_num': 1}
2021-07-10 13:56:05,214 : EventManager : Event: ======'machine_var_audits_switches_s_outhole'====== Args={'value': 1277, 'prev_value': 1276, 'change': 1}
2021-07-10 13:56:05,714 : EventManager : Event: ======'sounds_play'====== Args={'settings': {'Theme_Song': {'action': 'stop', 'priority': None, 'track': None, 'volume': None, 'pan': None, 'loops': None, 'start_at': None, 'fade_in': None, 'fade_out': None, 'about_to_finish_time': -1.0, 'max_queue_time': -1.0, 'events_when_played': ['use_sound_setting'], 'events_when_stopped': ['use_sound_setting'], 'events_when_looping': ['use_sound_setting'], 'events_when_about_to_finish': ['use_sound_setting'], 'mode_end_action': 'use_sound_setting', 'key': 'use_sound_setting'}}, 'context': '_global', 'calling_context': 'ball_drain', 'priority': 0, 'device': '<ball_device.bd_outhole>', 'balls': 1}
2021-07-10 13:56:05,774 : EventManager : Event: ======'sounds_play'====== Args={'settings': {'Gun_Silencer': {'action': 'play', 'volume': 1.0, 'priority': None, 'track': None, 'pan': None, 'loops': None, 'start_at': None, 'fade_in': None, 'fade_out': None, 'about_to_finish_time': -1.0, 'max_queue_time': -1.0, 'events_when_played': ['use_sound_setting'], 'events_when_stopped': ['use_sound_setting'], 'events_when_looping': ['use_sound_setting'], 'events_when_about_to_finish': ['use_sound_setting'], 'mode_end_action': 'use_sound_setting', 'key': 'use_sound_setting'}}, 'context': '_global', 'calling_context': 'bonus_code_step', 'priority': 0}
2021-07-10 13:56:06,261 : EventManager : Event: ======'player_score'====== Args={'value': 32500, 'prev_value': 31500, 'change': 1000, 'player_num': 1}
2021-07-10 13:56:06,261 : EventManager : Event: ======'sounds_play'====== Args={'settings': {'Gun_Silencer': {'action': 'play', 'volume': 1.0, 'priority': None, 'track': None, 'pan': None, 'loops': None, 'start_at': None, 'fade_in': None, 'fade_out': None, 'about_to_finish_time': -1.0, 'max_queue_time': -1.0, 'events_when_played': ['use_sound_setting'], 'events_when_stopped': ['use_sound_setting'], 'events_when_looping': ['use_sound_setting'], 'events_when_about_to_finish': ['use_sound_setting'], 'mode_end_action': 'use_sound_setting', 'key': 'use_sound_setting'}}, 'context': '_global', 'calling_context': 'bonus_code_step', 'priority': 0}
2021-07-10 13:56:07,255 : EventManager : Event: ======'player_bonus'====== Args={'value': 0, 'prev_value': 1, 'change': -1, 'player_num': 1}
2021-07-10 13:56:07,374 : EventManager : Event: ======'machine_var_player1_score'====== Args={'value': 32500, 'prev_value': 203230, 'change': -170730}
2021-07-10 13:56:07,374 : EventManager : Event: ======'game_ended'====== Args={}
2021-07-10 14:06:18,562 : kivy : Base: Leaving application in progress...
