2021-07-10 11:52:05,511 : INFO : root : Loading MPF Monitor
2021-07-10 11:52:05,669 : INFO : Core : Looking for MPF at localhost:5051
2021-07-10 11:52:16,801 : INFO : BCP Client : Connected to MPF
2021-07-10 11:52:47,743 : INFO : BCP Client : Connected to MPF
2021-07-10 11:58:29,953 : INFO : BCP Client : Connected to MPF
2021-07-10 12:00:01,728 : INFO : BCP Client : Connected to MPF
2021-07-10 12:03:39,786 : INFO : BCP Client : Connected to MPF
2021-07-10 12:05:05,978 : INFO : BCP Client : Connected to MPF
2021-07-10 12:08:02,929 : INFO : BCP Client : Connected to MPF
2021-07-10 12:10:15,750 : INFO : BCP Client : Connected to MPF
2021-07-10 12:18:42,259 : INFO : BCP Client : Connected to MPF
2021-07-10 12:19:10,644 : INFO : BCP Client : Connected to MPF
2021-07-10 12:20:19,082 : INFO : BCP Client : Connected to MPF
2021-07-10 12:20:59,658 : INFO : BCP Client : Connected to MPF
2021-07-10 12:26:12,999 : INFO : BCP Client : Connected to MPF
2021-07-10 12:29:10,940 : INFO : BCP Client : Connected to MPF
2021-07-10 12:32:38,294 : INFO : BCP Client : Connected to MPF
2021-07-10 12:59:12,316 : INFO : BCP Client : Connected to MPF
2021-07-10 13:15:02,949 : INFO : BCP Client : Connected to MPF
2021-07-10 13:55:13,822 : INFO : BCP Client : Connected to MPF
2021-07-10 14:06:34,225 : INFO : root : MPF Monitor run loop ended.
2021-07-10 14:06:34,226 : INFO : root : Stopping child threads... (0 remaining)
2021-07-10 14:06:34,227 : INFO : root : All child threads stopped.
